GROUP,PACKAGE,CLASS,INSTRUCTION_MISSED,INSTRUCTION_COVERED,BRANCH_MISSED,BRANCH_COVERED,LINE_MISSED,LINE_COVERED,COMPLEXITY_MISSED,COMPLEXITY_COVERED,METHOD_MISSED,METHOD_COVERED
Reimbursement,com.reimbursement.service,UtilityFunctions,40,68,3,5,12,15,6,4,4,2
Reimbursement,com.reimbursement.service,UserService,73,0,6,0,22,0,10,0,7,0
Reimbursement,com.reimbursement.service,ReimbursementService,109,0,4,0,30,0,13,0,11,0
Reimbursement,com.reimbursement.servlet,RequestForwarder,124,0,19,0,28,0,17,0,3,0
Reimbursement,com.reimbursement.servlet,ViewServlet,27,0,0,0,9,0,3,0,3,0
Reimbursement,com.reimbursement.servlet,DataServlet,19,0,0,0,5,0,3,0,3,0
Reimbursement,com.reimbursement.config,RDBConnection,16,21,1,1,4,7,2,1,1,1
Reimbursement,com.reimbursement.repo,UserRoleDao,10,107,0,4,6,27,0,8,0,6
Reimbursement,com.reimbursement.repo,UserDao,88,285,2,6,28,56,2,10,1,7
Reimbursement,com.reimbursement.repo,ReimbursementTypeDao,10,107,0,4,6,27,0,8,0,6
Reimbursement,com.reimbursement.repo,ReimbursementStatusDao,10,107,0,4,6,27,0,8,0,6
Reimbursement,com.reimbursement.repo,ReimbursementDao,48,688,0,18,29,110,0,20,0,11
Reimbursement,com.reimbursement.model,Reimbursement,36,67,0,0,18,24,9,12,9,12
Reimbursement,com.reimbursement.model,User_Role,11,12,0,0,5,5,3,2,3,2
Reimbursement,com.reimbursement.model,Reimbursement_Type,11,12,0,0,5,5,3,2,3,2
Reimbursement,com.reimbursement.model,User,24,49,0,0,12,18,6,9,6,9
Reimbursement,com.reimbursement.model,Reimbursement_Status,11,12,0,0,5,5,3,2,3,2
Reimbursement,com.reimbursement.controller,UserController,118,0,10,0,31,0,9,0,4,0
Reimbursement,com.reimbursement.controller,ReimbursementController,230,0,2,0,55,0,10,0,9,0
