<?xml version="1.0" encoding="UTF-8" ?>
<testsuite tests="27" failures="0" name="tests.Tests" time="23.976" errors="0" skipped="0">
  <properties>
[...]
</properties>
  <testcase classname="tests.Tests" name="userRoleNulls" time="0.77"/>
  <testcase classname="tests.Tests" name="reimbUpdateA" time="3.713"/>
  <testcase classname="tests.Tests" name="reimbUpdateD" time="1.873"/>
  <testcase classname="tests.Tests" name="reimbFindAllByUser" time="1.837"/>
  <testcase classname="tests.Tests" name="userFindByID" time="1.827"/>
  <testcase classname="tests.Tests" name="testRDBConnectionCreateRDBConnection" time="0.416"/>
  <testcase classname="tests.Tests" name="userFindAll" time="1.939"/>
  <testcase classname="tests.Tests" name="testHash" time="0.002"/>
  <testcase classname="tests.Tests" name="userDeleteNotFound" time="0.468"/>
  <testcase classname="tests.Tests" name="verifyLoginTrue" time="0.491"/>
  <testcase classname="tests.Tests" name="reimbFindByID" time="1.843"/>
  <testcase classname="tests.Tests" name="reimbFindAllApproved" time="0.454"/>
  <testcase classname="tests.Tests" name="UserRoleFindById" time="0.434"/>
  <testcase classname="tests.Tests" name="reimbFindAllPendingByUser" time="0.461"/>
  <testcase classname="tests.Tests" name="userDaoCreate" time="1.434"/>
  <testcase classname="tests.Tests" name="reimbStatusFindAll" time="0.471"/>
  <testcase classname="tests.Tests" name="reimbStatusNulls" time="0"/>
  <testcase classname="tests.Tests" name="verifyLoginFalse" time="0.497"/>
  <testcase classname="tests.Tests" name="reimbFindAllApprovedByUser" time="0.464"/>
  <testcase classname="tests.Tests" name="reimbTypeNulls" time="0.002"/>
  <testcase classname="tests.Tests" name="reimbFindAllPending" time="0.489"/>
  <testcase classname="tests.Tests" name="reimbTypeFindById" time="0.457"/>
  <testcase classname="tests.Tests" name="userUpdate" time="0.037"/>
  <testcase classname="tests.Tests" name="userRoleFindAll" time="0.467"/>
  <testcase classname="tests.Tests" name="reimbTypeFindAll" time="0.58"/>
  <testcase classname="tests.Tests" name="reimbFindAll" time="2.053"/>
  <testcase classname="tests.Tests" name="reimbStatusFindById" time="0.497"/>
</testsuite>